2023-05-03 14:42:33,372 [MainThread  ] [INFO ]  Datasets: data/datasets/dehumanization_spert_dataset_M/conll04_train.json, data/datasets/dehumanization_spert_dataset_M/conll04_dev.json
2023-05-03 14:42:33,373 [MainThread  ] [INFO ]  Model type: spert
2023-05-03 14:42:33,733 [MainThread  ] [INFO ]  Relation type count: 1
2023-05-03 14:42:33,733 [MainThread  ] [INFO ]  Entity type count: 6
2023-05-03 14:42:33,733 [MainThread  ] [INFO ]  Entities:
2023-05-03 14:42:33,733 [MainThread  ] [INFO ]  No Entity=0
2023-05-03 14:42:33,733 [MainThread  ] [INFO ]  HIGH_UH_LOW_NH=1
2023-05-03 14:42:33,733 [MainThread  ] [INFO ]  LOW_UH_LOW_NH=2
2023-05-03 14:42:33,733 [MainThread  ] [INFO ]  LOW_UH_HIGH_NH=3
2023-05-03 14:42:33,733 [MainThread  ] [INFO ]  HIGH_UH_HIGH_NH=4
2023-05-03 14:42:33,733 [MainThread  ] [INFO ]  Ukrainian=5
2023-05-03 14:42:33,733 [MainThread  ] [INFO ]  Relations:
2023-05-03 14:42:33,733 [MainThread  ] [INFO ]  No Relation=0
2023-05-03 14:42:33,733 [MainThread  ] [INFO ]  Dataset: train
2023-05-03 14:42:33,733 [MainThread  ] [INFO ]  Document count: 372
2023-05-03 14:42:33,733 [MainThread  ] [INFO ]  Relation count: 0
2023-05-03 14:42:33,733 [MainThread  ] [INFO ]  Entity count: 898
2023-05-03 14:42:33,733 [MainThread  ] [INFO ]  Dataset: valid
2023-05-03 14:42:33,733 [MainThread  ] [INFO ]  Document count: 232
2023-05-03 14:42:33,733 [MainThread  ] [INFO ]  Relation count: 0
2023-05-03 14:42:33,733 [MainThread  ] [INFO ]  Entity count: 563
2023-05-03 14:42:33,733 [MainThread  ] [INFO ]  Updates per epoch: 186
2023-05-03 14:42:33,733 [MainThread  ] [INFO ]  Updates total: 3720
2023-05-03 14:42:36,119 [MainThread  ] [INFO ]  Train epoch: 0
2023-05-03 14:44:38,678 [MainThread  ] [INFO ]  Train epoch: 1
2023-05-03 14:47:08,430 [MainThread  ] [INFO ]  Train epoch: 2
2023-05-03 14:49:15,576 [MainThread  ] [INFO ]  Train epoch: 3
2023-05-03 14:51:23,214 [MainThread  ] [INFO ]  Train epoch: 4
2023-05-03 14:53:23,936 [MainThread  ] [INFO ]  Train epoch: 5
2023-05-03 14:55:29,247 [MainThread  ] [INFO ]  Train epoch: 6
2023-05-03 14:57:27,257 [MainThread  ] [INFO ]  Train epoch: 7
2023-05-03 14:59:26,287 [MainThread  ] [INFO ]  Train epoch: 8
2023-05-03 15:01:32,761 [MainThread  ] [INFO ]  Train epoch: 9
2023-05-03 15:03:36,506 [MainThread  ] [INFO ]  Train epoch: 10
2023-05-03 15:05:47,167 [MainThread  ] [INFO ]  Train epoch: 11
2023-05-03 15:08:00,509 [MainThread  ] [INFO ]  Train epoch: 12
2023-05-03 15:10:04,828 [MainThread  ] [INFO ]  Train epoch: 13
2023-05-03 15:12:18,959 [MainThread  ] [INFO ]  Train epoch: 14
2023-05-03 15:14:24,674 [MainThread  ] [INFO ]  Train epoch: 15
2023-05-03 15:17:03,712 [MainThread  ] [INFO ]  Train epoch: 16
2023-05-03 15:19:03,132 [MainThread  ] [INFO ]  Train epoch: 17
2023-05-03 15:21:06,973 [MainThread  ] [INFO ]  Train epoch: 18
2023-05-03 15:23:16,393 [MainThread  ] [INFO ]  Train epoch: 19
2023-05-03 15:25:42,550 [MainThread  ] [INFO ]  Evaluate: valid
2023-05-03 15:26:23,168 [MainThread  ] [INFO ]  Logged in: data/log/conll04_train/2023-05-03_14:42:32.946524
2023-05-03 15:26:23,169 [MainThread  ] [INFO ]  Saved in: data/save/conll04_train/2023-05-03_14:42:32.946524
