2023-05-04 16:56:00,225 [MainThread  ] [INFO ]  Datasets: data/datasets/dehumanization_spert_dataset_M/conll04_train.json, data/datasets/dehumanization_spert_dataset_M/conll04_dev.json
2023-05-04 16:56:00,226 [MainThread  ] [INFO ]  Model type: spert
2023-05-04 16:56:00,564 [MainThread  ] [INFO ]  Relation type count: 1
2023-05-04 16:56:00,564 [MainThread  ] [INFO ]  Entity type count: 6
2023-05-04 16:56:00,564 [MainThread  ] [INFO ]  Entities:
2023-05-04 16:56:00,564 [MainThread  ] [INFO ]  No Entity=0
2023-05-04 16:56:00,564 [MainThread  ] [INFO ]  HIGH_UH_LOW_NH=1
2023-05-04 16:56:00,564 [MainThread  ] [INFO ]  LOW_UH_LOW_NH=2
2023-05-04 16:56:00,564 [MainThread  ] [INFO ]  LOW_UH_HIGH_NH=3
2023-05-04 16:56:00,564 [MainThread  ] [INFO ]  HIGH_UH_HIGH_NH=4
2023-05-04 16:56:00,564 [MainThread  ] [INFO ]  Ukrainian=5
2023-05-04 16:56:00,564 [MainThread  ] [INFO ]  Relations:
2023-05-04 16:56:00,564 [MainThread  ] [INFO ]  No Relation=0
2023-05-04 16:56:00,564 [MainThread  ] [INFO ]  Dataset: train
2023-05-04 16:56:00,564 [MainThread  ] [INFO ]  Document count: 372
2023-05-04 16:56:00,564 [MainThread  ] [INFO ]  Relation count: 0
2023-05-04 16:56:00,564 [MainThread  ] [INFO ]  Entity count: 898
2023-05-04 16:56:00,564 [MainThread  ] [INFO ]  Dataset: valid
2023-05-04 16:56:00,564 [MainThread  ] [INFO ]  Document count: 232
2023-05-04 16:56:00,564 [MainThread  ] [INFO ]  Relation count: 0
2023-05-04 16:56:00,564 [MainThread  ] [INFO ]  Entity count: 563
2023-05-04 16:56:00,564 [MainThread  ] [INFO ]  Updates per epoch: 186
2023-05-04 16:56:00,564 [MainThread  ] [INFO ]  Updates total: 3720
2023-05-04 16:56:02,585 [MainThread  ] [INFO ]  Train epoch: 0
2023-05-04 16:58:02,754 [MainThread  ] [INFO ]  Train epoch: 1
2023-05-04 17:00:03,061 [MainThread  ] [INFO ]  Train epoch: 2
2023-05-04 17:02:09,374 [MainThread  ] [INFO ]  Train epoch: 3
2023-05-04 17:04:17,225 [MainThread  ] [INFO ]  Train epoch: 4
2023-05-04 17:06:19,898 [MainThread  ] [INFO ]  Train epoch: 5
2023-05-04 17:08:34,503 [MainThread  ] [INFO ]  Train epoch: 6
2023-05-04 17:11:14,206 [MainThread  ] [INFO ]  Train epoch: 7
2023-05-04 17:13:19,275 [MainThread  ] [INFO ]  Train epoch: 8
2023-05-04 17:15:19,515 [MainThread  ] [INFO ]  Train epoch: 9
2023-05-04 17:17:37,431 [MainThread  ] [INFO ]  Train epoch: 10
2023-05-04 17:19:49,369 [MainThread  ] [INFO ]  Train epoch: 11
2023-05-04 17:22:04,214 [MainThread  ] [INFO ]  Train epoch: 12
2023-05-04 17:24:10,613 [MainThread  ] [INFO ]  Train epoch: 13
2023-05-04 17:26:22,804 [MainThread  ] [INFO ]  Train epoch: 14
2023-05-04 17:28:35,640 [MainThread  ] [INFO ]  Train epoch: 15
2023-05-04 17:30:55,102 [MainThread  ] [INFO ]  Train epoch: 16
2023-05-04 17:33:09,426 [MainThread  ] [INFO ]  Train epoch: 17
2023-05-04 17:35:22,767 [MainThread  ] [INFO ]  Train epoch: 18
2023-05-04 17:37:38,094 [MainThread  ] [INFO ]  Train epoch: 19
2023-05-04 17:40:00,158 [MainThread  ] [INFO ]  Evaluate: valid
2023-05-04 17:40:40,757 [MainThread  ] [INFO ]  Logged in: data/log/conll04_train/2023-05-04_16:55:59.868559
2023-05-04 17:40:40,757 [MainThread  ] [INFO ]  Saved in: data/save/conll04_train/2023-05-04_16:55:59.868559
